ISim log file
Running: C:\Users\Administrator\Desktop\whack-a-mole\top_isim_beh.exe -intstyle ise -gui -tclbatch isim.cmd -wdb C:/Users/Administrator/Desktop/whack-a-mole/top_isim_beh.wdb 
ISim P.20131013 (signature 0x7708f090)
This is a Full version of ISim.
WARNING: File "C:/Users/Administrator/Desktop/whack-a-mole/top.v" Line 7.  For instance top/k0/, width 4 of formal port keyX is not equal to width 5 of actual signal KeyY.
WARNING: File "C:/Users/Administrator/Desktop/whack-a-mole/top.v" Line 6.  For instance top/k0/, width 5 of formal port keyY is not equal to width 4 of actual signal KeyX.
WARNING: File "C:/Users/Administrator/Desktop/whack-a-mole/Seg7Device.v" Line 23.  For instance segDevice/U1/, width 32 of formal port I is not equal to width 12 of actual signal data.
WARNING: File "C:/Users/Administrator/Desktop/whack-a-mole/top.v" Line 65.  For instance top/segDevice/, width 12 of formal port data is not equal to width 32 of actual signal segTestData.
Time resolution is 1 ps
# onerror resume
# wave add /
# run 1000 ns
Simulator is doing circuit initialization process.
 Block Memory Generator CORE Generator module loading initial data...
 Block Memory Generator data initialization complete.
Block Memory Generator CORE Generator module top.d0.m0.R.inst.\native_mem_module.blk_mem_gen_v7_3_inst  is using a behavioral model for simulation which will not precisely model memory collision behavior.
 Block Memory Generator CORE Generator module loading initial data...
 Block Memory Generator data initialization complete.
Block Memory Generator CORE Generator module top.d0.m1.R.inst.\native_mem_module.blk_mem_gen_v7_3_inst  is using a behavioral model for simulation which will not precisely model memory collision behavior.
 Block Memory Generator CORE Generator module loading initial data...
 Block Memory Generator data initialization complete.
Block Memory Generator CORE Generator module top.d0.m2.R.inst.\native_mem_module.blk_mem_gen_v7_3_inst  is using a behavioral model for simulation which will not precisely model memory collision behavior.
 Block Memory Generator CORE Generator module loading initial data...
 Block Memory Generator data initialization complete.
Block Memory Generator CORE Generator module top.d0.m3.R.inst.\native_mem_module.blk_mem_gen_v7_3_inst  is using a behavioral model for simulation which will not precisely model memory collision behavior.
Finished circuit initialization process.
