INFO:sim:172 - Generating IP...
Resolving generics for 'hit_mouse'...
Applying external generics to 'hit_mouse'...
Delivering associated files for 'hit_mouse'...
Delivering EJava files for 'hit_mouse'...
Generating implementation netlist for 'hit_mouse'...
INFO:sim - Pre-processing HDL files for 'hit_mouse'...
Running synthesis for 'hit_mouse'
Running ngcbuild...
Writing VEO instantiation template for 'hit_mouse'...
Writing Verilog behavioral simulation model for 'hit_mouse'...
WARNING:sim - Overwriting existing file
   D:/ISEDesign/whack-a-mole/ipcore_dir/tmp/_cg/hit_mouse/doc/blk_mem_gen_v7_3_v
   info.html with file from view xilinx_documentation
Delivered 1 file into directory
D:/ISEDesign/whack-a-mole/ipcore_dir/tmp/_cg/hit_mouse
Generating ASY schematic symbol...
INFO:sim:949 - Finished generation of ASY schematic symbol.
Generating SYM schematic symbol for 'hit_mouse'...
Generating metadata file...
Generating ISE project file for 'hit_mouse'...
Generating ISE project...
XCO file found: hit_mouse.xco
XMDF file found: hit_mouse_xmdf.tcl
Adding D:/ISEDesign/whack-a-mole/ipcore_dir/tmp/_cg/hit_mouse.asy -view all
-origin_type imported
Adding D:/ISEDesign/whack-a-mole/ipcore_dir/tmp/_cg/hit_mouse.ngc -view all
-origin_type created
Checking file "D:/ISEDesign/whack-a-mole/ipcore_dir/tmp/_cg/hit_mouse.ngc" for
project device match ...
File "D:/ISEDesign/whack-a-mole/ipcore_dir/tmp/_cg/hit_mouse.ngc" device
information matches project device.
Adding D:/ISEDesign/whack-a-mole/ipcore_dir/tmp/_cg/hit_mouse.sym -view all
-origin_type imported
Adding D:/ISEDesign/whack-a-mole/ipcore_dir/tmp/_cg/hit_mouse.v -view all
-origin_type created
INFO:HDLCompiler:1845 - Analyzing Verilog file
   "D:/ISEDesign/whack-a-mole/ipcore_dir/tmp/_cg/hit_mouse.v" into library work
INFO:ProjectMgmt - Parsing design hierarchy completed successfully.
Adding D:/ISEDesign/whack-a-mole/ipcore_dir/tmp/_cg/hit_mouse.veo -view all
-origin_type imported
INFO:TclTasksC:2116 - The automatic calculation of top has been turned-off.
   Please set the new top explicitly by running the "project set top" command.
   To re-calculate the new top automatically, set the "Auto Implementation Top"
   property to true.
Top level has been set to "/hit_mouse"
Generating README file...
Generating FLIST file...
INFO:sim:948 - Finished FLIST file generation.
Launching README viewer...
Moving files to output directory...
Finished moving files to output directory
Wrote CGP file for project 'hit_mouse'.
